<?xml version="1.0" encoding="UTF-8"?>
<testng-results ignored="0" total="1" passed="1" failed="0" skipped="0">
  <reporter-output>
  </reporter-output>
  <suite started-at="2025-04-22T08:19:02 IST" name="My Test Suite" finished-at="2025-04-22T08:19:07 IST" duration-ms="5250">
    <groups>
    </groups>
    <test started-at="2025-04-22T08:19:02 IST" name="My Test" finished-at="2025-04-22T08:19:07 IST" duration-ms="5250">
      <class name="practise.SauceDemo">
        <test-method signature="loginWithValidCredentials()[pri:0, instance:practise.SauceDemo@65fb9ffc]" started-at="2025-04-22T08:19:02 IST" name="loginWithValidCredentials" finished-at="2025-04-22T08:19:07 IST" duration-ms="5200" status="PASS">
          <reporter-output>
          </reporter-output>
        </test-method> <!-- loginWithValidCredentials -->
      </class> <!-- practise.SauceDemo -->
    </test> <!-- My Test -->
  </suite> <!-- My Test Suite -->
</testng-results>
